This is pdfTeX, Version 3.1415926-2.4-1.40.13 (MiKTeX 2.9) (preloaded format=pdflatex 2013.7.8)  25 MAY 2015 21:14
entering extended mode
**HitchinSystems.tex
(E:\scratch\Dropbox\HitchinSystems\Hitchin-Systems\HitchinSystems.tex
LaTeX2e <2011/06/27>
Babel <v3.8m> and hyphenation patterns for english, afrikaans, ancientgreek, ar
abic, armenian, assamese, basque, bengali, bokmal, bulgarian, catalan, coptic, 
croatian, czech, danish, dutch, esperanto, estonian, farsi, finnish, french, ga
lician, german, german-x-2012-05-30, greek, gujarati, hindi, hungarian, iceland
ic, indonesian, interlingua, irish, italian, kannada, kurmanji, latin, latvian,
 lithuanian, malayalam, marathi, mongolian, mongolianlmc, monogreek, ngerman, n
german-x-2012-05-30, nynorsk, oriya, panjabi, pinyin, polish, portuguese, roman
ian, russian, sanskrit, serbian, slovak, slovenian, spanish, swedish, swissgerm
an, tamil, telugu, turkish, turkmen, ukenglish, ukrainian, uppersorbian, usengl
ishmax, welsh, loaded.
("C:\Program Files (x86)\MiKTeX 2.9\tex\latex\amscls\amsbook.cls"
Document Class: amsbook 2009/07/02 v2.20.1
\linespacing=\dimen102
\normalparindent=\dimen103
\normaltopskip=\skip41
("C:\Program Files (x86)\MiKTeX 2.9\tex\latex\amsmath\amsmath.sty"
Package: amsmath 2013/01/14 v2.14 AMS math features
\@mathmargin=\skip42

For additional information on amsmath, use the `?' option.
("C:\Program Files (x86)\MiKTeX 2.9\tex\latex\amsmath\amstext.sty"
Package: amstext 2000/06/29 v2.01

("C:\Program Files (x86)\MiKTeX 2.9\tex\latex\amsmath\amsgen.sty"
File: amsgen.sty 1999/11/30 v2.0
\@emptytoks=\toks14
\ex@=\dimen104
))
("C:\Program Files (x86)\MiKTeX 2.9\tex\latex\amsmath\amsbsy.sty"
Package: amsbsy 1999/11/29 v1.2d
\pmbraise@=\dimen105
)
("C:\Program Files (x86)\MiKTeX 2.9\tex\latex\amsmath\amsopn.sty"
Package: amsopn 1999/12/14 v2.01 operator names
)
\inf@bad=\count79
LaTeX Info: Redefining \frac on input line 210.
\uproot@=\count80
\leftroot@=\count81
LaTeX Info: Redefining \overline on input line 306.
\classnum@=\count82
\DOTSCASE@=\count83
LaTeX Info: Redefining \ldots on input line 378.
LaTeX Info: Redefining \dots on input line 381.
LaTeX Info: Redefining \cdots on input line 466.
\Mathstrutbox@=\box26
\strutbox@=\box27
\big@size=\dimen106
LaTeX Font Info:    Redeclaring font encoding OML on input line 566.
LaTeX Font Info:    Redeclaring font encoding OMS on input line 567.
\macc@depth=\count84
\c@MaxMatrixCols=\count85
\dotsspace@=\muskip10
\c@parentequation=\count86
\dspbrk@lvl=\count87
\tag@help=\toks15
\row@=\count88
\column@=\count89
\maxfields@=\count90
\andhelp@=\toks16
\eqnshift@=\dimen107
\alignsep@=\dimen108
\tagshift@=\dimen109
\tagwidth@=\dimen110
\totwidth@=\dimen111
\lineht@=\dimen112
\@envbody=\toks17
\multlinegap=\skip43
\multlinetaggap=\skip44
\mathdisplay@stack=\toks18
LaTeX Info: Redefining \[ on input line 2665.
LaTeX Info: Redefining \] on input line 2666.
)
LaTeX Font Info:    Try loading font information for U+msa on input line 367.

("C:\Program Files (x86)\MiKTeX 2.9\tex\latex\amsfonts\umsa.fd"
File: umsa.fd 2013/01/14 v3.01 AMS symbols A
)
("C:\Program Files (x86)\MiKTeX 2.9\tex\latex\amsfonts\amsfonts.sty"
Package: amsfonts 2013/01/14 v3.01 Basic AMSFonts support
\symAMSa=\mathgroup4
\symAMSb=\mathgroup5
LaTeX Font Info:    Overwriting math alphabet `\mathfrak' in version `bold'
(Font)                  U/euf/m/n --> U/euf/b/n on input line 106.
)
\copyins=\insert233
\abstractbox=\box28
\listisep=\skip45
\c@part=\count91
\c@chapter=\count92
\c@section=\count93
\c@subsection=\count94
\c@subsubsection=\count95
\c@paragraph=\count96
\c@subparagraph=\count97
\c@figure=\count98
\c@table=\count99
\abovecaptionskip=\skip46
\belowcaptionskip=\skip47
\captionindent=\dimen113
\thm@style=\toks19
\thm@bodyfont=\toks20
\thm@headfont=\toks21
\thm@notefont=\toks22
\thm@headpunct=\toks23
\thm@preskip=\skip48
\thm@postskip=\skip49
\thm@headsep=\skip50
\dth@everypar=\toks24
)
("C:\Program Files (x86)\MiKTeX 2.9\tex\latex\lm\lmodern.sty"
Package: lmodern 2009/10/30 v1.6 Latin Modern Fonts
LaTeX Font Info:    Overwriting symbol font `operators' in version `normal'
(Font)                  OT1/cmr/m/n --> OT1/lmr/m/n on input line 22.
LaTeX Font Info:    Overwriting symbol font `letters' in version `normal'
(Font)                  OML/cmm/m/it --> OML/lmm/m/it on input line 23.
LaTeX Font Info:    Overwriting symbol font `symbols' in version `normal'
(Font)                  OMS/cmsy/m/n --> OMS/lmsy/m/n on input line 24.
LaTeX Font Info:    Overwriting symbol font `largesymbols' in version `normal'
(Font)                  OMX/cmex/m/n --> OMX/lmex/m/n on input line 25.
LaTeX Font Info:    Overwriting symbol font `operators' in version `bold'
(Font)                  OT1/cmr/bx/n --> OT1/lmr/bx/n on input line 26.
LaTeX Font Info:    Overwriting symbol font `letters' in version `bold'
(Font)                  OML/cmm/b/it --> OML/lmm/b/it on input line 27.
LaTeX Font Info:    Overwriting symbol font `symbols' in version `bold'
(Font)                  OMS/cmsy/b/n --> OMS/lmsy/b/n on input line 28.
LaTeX Font Info:    Overwriting symbol font `largesymbols' in version `bold'
(Font)                  OMX/cmex/m/n --> OMX/lmex/m/n on input line 29.
LaTeX Font Info:    Overwriting math alphabet `\mathbf' in version `normal'
(Font)                  OT1/cmr/bx/n --> OT1/lmr/bx/n on input line 31.
LaTeX Font Info:    Overwriting math alphabet `\mathsf' in version `normal'
(Font)                  OT1/cmss/m/n --> OT1/lmss/m/n on input line 32.
LaTeX Font Info:    Overwriting math alphabet `\mathit' in version `normal'
(Font)                  OT1/cmr/m/it --> OT1/lmr/m/it on input line 33.
LaTeX Font Info:    Overwriting math alphabet `\mathtt' in version `normal'
(Font)                  OT1/cmtt/m/n --> OT1/lmtt/m/n on input line 34.
LaTeX Font Info:    Overwriting math alphabet `\mathbf' in version `bold'
(Font)                  OT1/cmr/bx/n --> OT1/lmr/bx/n on input line 35.
LaTeX Font Info:    Overwriting math alphabet `\mathsf' in version `bold'
(Font)                  OT1/cmss/bx/n --> OT1/lmss/bx/n on input line 36.
LaTeX Font Info:    Overwriting math alphabet `\mathit' in version `bold'
(Font)                  OT1/cmr/bx/it --> OT1/lmr/bx/it on input line 37.
LaTeX Font Info:    Overwriting math alphabet `\mathtt' in version `bold'
(Font)                  OT1/cmtt/m/n --> OT1/lmtt/m/n on input line 38.
)
("C:\Program Files (x86)\MiKTeX 2.9\tex\latex\base\fontenc.sty"
Package: fontenc 2005/09/27 v1.99g Standard LaTeX package

("C:\Program Files (x86)\MiKTeX 2.9\tex\latex\base\t1enc.def"
File: t1enc.def 2005/09/27 v1.99g Standard LaTeX file
LaTeX Font Info:    Redeclaring font encoding T1 on input line 43.
))
("C:\Program Files (x86)\MiKTeX 2.9\tex\latex\base\inputenc.sty"
Package: inputenc 2008/03/30 v1.1d Input encoding file
\inpenc@prehook=\toks25
\inpenc@posthook=\toks26

("C:\Program Files (x86)\MiKTeX 2.9\tex\latex\base\latin9.def"
File: latin9.def 2008/03/30 v1.1d Input encoding file
))
("C:\Program Files (x86)\MiKTeX 2.9\tex\latex\amsfonts\amssymb.sty"
Package: amssymb 2013/01/14 v3.01 AMS font symbols
)
("C:\Program Files (x86)\MiKTeX 2.9\tex\latex\esint\esint.sty"
Package: esint 
\symlargesymbolsA=\mathgroup6
)
("C:\Program Files (x86)\MiKTeX 2.9\tex\generic\xypic\xy.sty"
("C:\Program Files (x86)\MiKTeX 2.9\tex\generic\xypic\xy.tex" Bootstrap'ing:
catcodes, docmode,
("C:\Program Files (x86)\MiKTeX 2.9\tex\generic\xypic\xyrecat.tex")
("C:\Program Files (x86)\MiKTeX 2.9\tex\generic\xypic\xyidioms.tex")

 Xy-pic version 3.8.8 <2012/05/24>
 Copyright (c) 1991-2011 by Kristoffer H. Rose <krisrose@tug.org>
 Xy-pic is free software: see the User's Guide for details.

Loading kernel: messages; fonts; allocations: state,
\X@c=\dimen114
\Y@c=\dimen115
\U@c=\dimen116
\D@c=\dimen117
\L@c=\dimen118
\R@c=\dimen119
\Edge@c=\toks27
\X@p=\dimen120
\Y@p=\dimen121
\U@p=\dimen122
\D@p=\dimen123
\L@p=\dimen124
\R@p=\dimen125
\Edge@p=\toks28
\X@origin=\dimen126
\Y@origin=\dimen127
\X@xbase=\dimen128
\Y@xbase=\dimen129
\X@ybase=\dimen130
\Y@ybase=\dimen131
\X@min=\dimen132
\Y@min=\dimen133
\X@max=\dimen134
\Y@max=\dimen135
\lastobjectbox@=\box29
\zerodotbox@=\box30
\almostz@=\dimen136
 direction,
\d@X=\dimen137
\d@Y=\dimen138
\K@=\count100
\KK@=\count101
\Direction=\count102
\K@dXdY=\dimen139
\K@dYdX=\dimen140
\xyread@=\read1
\xywrite@=\write3
\csp@=\count103
\quotPTK@=\dimen141

utility macros; pictures: \xy, positions,
\swaptoks@@=\toks29
\connectobjectbox@@=\box31
 objects,
\styletoks@=\toks30
 decorations;
kernel objects: directionals, circles, text; options; algorithms: directions,
edges, connections;  Xy-pic loaded)
("C:\Program Files (x86)\MiKTeX 2.9\tex\generic\oberdiek\ifpdf.sty"
Package: ifpdf 2011/01/30 v2.3 Provides the ifpdf switch (HO)
Package ifpdf Info: pdfTeX in PDF mode is detected.
)
Package: xy 2012/05/24 Xy-pic version 3.8.8

("C:\Program Files (x86)\MiKTeX 2.9\tex\generic\xypic\xyall.tex"
 Xy-pic option: All features v.3.8
("C:\Program Files (x86)\MiKTeX 2.9\tex\generic\xypic\xycurve.tex"
 Xy-pic option: Curve and Spline extension v.3.12 curve,
\crv@cnt@=\count104
\crvpts@=\toks31
\splinebox@=\box32
\splineval@=\dimen142
\splinedepth@=\dimen143
\splinetol@=\dimen144
\splinelength@=\dimen145
 circles,
\L@=\dimen146
 loaded)
("C:\Program Files (x86)\MiKTeX 2.9\tex\generic\xypic\xyframe.tex"
 Xy-pic option: Frame and Bracket extension v.3.14 loaded)
("C:\Program Files (x86)\MiKTeX 2.9\tex\generic\xypic\xycmtip.tex"
 Xy-pic option: Computer Modern tip extension v.3.7
("C:\Program Files (x86)\MiKTeX 2.9\tex\generic\xypic\xytips.tex"
 Xy-pic option: More Tips extension v.3.9 loaded) loaded)
("C:\Program Files (x86)\MiKTeX 2.9\tex\generic\xypic\xyline.tex"
 Xy-pic option: Line styles extension v.3.10
\xylinethick@=\dimen147
 loaded)
("C:\Program Files (x86)\MiKTeX 2.9\tex\generic\xypic\xyrotate.tex"
 Xy-pic option: Rotate and Scale extension v.3.8 loaded)
("C:\Program Files (x86)\MiKTeX 2.9\tex\generic\xypic\xycolor.tex"
 Xy-pic option: Colour extension v.3.11 loaded)
("C:\Program Files (x86)\MiKTeX 2.9\tex\generic\xypic\xymatrix.tex"
 Xy-pic option: Matrix feature v.3.14
\Row=\count105
\Col=\count106
\queue@=\toks32
\queue@@=\toks33
\qcount@=\count107
\qcount@@=\count108
\matrixsize@=\count109
 loaded)
("C:\Program Files (x86)\MiKTeX 2.9\tex\generic\xypic\xyarrow.tex"
 Xy-pic option: Arrow and Path feature v.3.9 path, \ar, loaded)
("C:\Program Files (x86)\MiKTeX 2.9\tex\generic\xypic\xygraph.tex"
 Xy-pic option: Graph feature v.3.11 loaded) loaded)
("C:\Program Files (x86)\MiKTeX 2.9\tex\generic\xypic\xypdf.tex"
 Xy-pic option: PDF driver v.1.7 Xy-pic pdf driver: `color' extension support
("C:\Program Files (x86)\MiKTeX 2.9\tex\generic\xypic\xypdf-co.tex" loaded)
Xy-pic pdf driver: `curve' extension support
("C:\Program Files (x86)\MiKTeX 2.9\tex\generic\xypic\xypdf-cu.tex" loaded)
Xy-pic pdf driver: `frame' extension support
("C:\Program Files (x86)\MiKTeX 2.9\tex\generic\xypic\xypdf-fr.tex" loaded)
Xy-pic pdf driver: `line' extension support
("C:\Program Files (x86)\MiKTeX 2.9\tex\generic\xypic\xypdf-li.tex" loaded)
Xy-pic pdf driver: `rotate' extension support
("C:\Program Files (x86)\MiKTeX 2.9\tex\generic\xypic\xypdf-ro.tex" loaded)
loaded))
\c@thm=\count110
 ("C:\Program Files (x86)\MiKTeX 2.9\tex\generic\babel\babel.sty"
Package: babel 2008/07/08 v3.8m The Babel package

*************************************
* Local config file bblopts.cfg used
*
("C:\Program Files (x86)\MiKTeX 2.9\tex\latex\00miktex\bblopts.cfg"
File: bblopts.cfg 2006/07/31 v1.0 MiKTeX 'babel' configuration
)
("C:\Program Files (x86)\MiKTeX 2.9\tex\latex\babel-english\english.ldf"
Language: english 2012/08/20 v3.3p English support from the babel system

("C:\Program Files (x86)\MiKTeX 2.9\tex\generic\babel\babel.def"
File: babel.def 2008/07/08 v3.8m Babel common definitions
\babel@savecnt=\count111
\U@D=\dimen148
)
\l@canadian = a dialect from \language\l@american 
\l@australian = a dialect from \language\l@british 
\l@newzealand = a dialect from \language\l@british 
))
(E:\scratch\Dropbox\HitchinSystems\Hitchin-Systems\HitchinSystems.aux)
LaTeX Font Info:    Checking defaults for OML/cmm/m/it on input line 40.
LaTeX Font Info:    ... okay on input line 40.
LaTeX Font Info:    Checking defaults for T1/cmr/m/n on input line 40.
LaTeX Font Info:    ... okay on input line 40.
LaTeX Font Info:    Checking defaults for OT1/cmr/m/n on input line 40.
LaTeX Font Info:    ... okay on input line 40.
LaTeX Font Info:    Checking defaults for OMS/cmsy/m/n on input line 40.
LaTeX Font Info:    ... okay on input line 40.
LaTeX Font Info:    Checking defaults for OMX/cmex/m/n on input line 40.
LaTeX Font Info:    ... okay on input line 40.
LaTeX Font Info:    Checking defaults for U/cmr/m/n on input line 40.
LaTeX Font Info:    ... okay on input line 40.
LaTeX Font Info:    Try loading font information for T1+lmr on input line 40.

("C:\Program Files (x86)\MiKTeX 2.9\tex\latex\lm\t1lmr.fd"
File: t1lmr.fd 2009/10/30 v1.6 Font defs for Latin Modern
)
LaTeX Font Info:    Try loading font information for OT1+lmr on input line 40.

("C:\Program Files (x86)\MiKTeX 2.9\tex\latex\lm\ot1lmr.fd"
File: ot1lmr.fd 2009/10/30 v1.6 Font defs for Latin Modern
)
LaTeX Font Info:    Try loading font information for OML+lmm on input line 40.

("C:\Program Files (x86)\MiKTeX 2.9\tex\latex\lm\omllmm.fd"
File: omllmm.fd 2009/10/30 v1.6 Font defs for Latin Modern
)
LaTeX Font Info:    Try loading font information for OMS+lmsy on input line 40.


("C:\Program Files (x86)\MiKTeX 2.9\tex\latex\lm\omslmsy.fd"
File: omslmsy.fd 2009/10/30 v1.6 Font defs for Latin Modern
)
LaTeX Font Info:    Try loading font information for OMX+lmex on input line 40.


("C:\Program Files (x86)\MiKTeX 2.9\tex\latex\lm\omxlmex.fd"
File: omxlmex.fd 2009/10/30 v1.6 Font defs for Latin Modern
)
LaTeX Font Info:    External font `lmex10' loaded for size
(Font)              <8> on input line 40.
LaTeX Font Info:    External font `lmex10' loaded for size
(Font)              <6> on input line 40.
LaTeX Font Info:    External font `lmex10' loaded for size
(Font)              <5> on input line 40.
LaTeX Font Info:    Try loading font information for U+msa on input line 40.

("C:\Program Files (x86)\MiKTeX 2.9\tex\latex\amsfonts\umsa.fd"
File: umsa.fd 2013/01/14 v3.01 AMS symbols A
)
LaTeX Font Info:    Try loading font information for U+msb on input line 40.

("C:\Program Files (x86)\MiKTeX 2.9\tex\latex\amsfonts\umsb.fd"
File: umsb.fd 2013/01/14 v3.01 AMS symbols B
)
LaTeX Font Info:    Try loading font information for U+esint on input line 40.

("C:\Program Files (x86)\MiKTeX 2.9\tex\latex\esint\uesint.fd"
File: uesint.fd 
)
LaTeX Font Info:    External font `lmex10' loaded for size
(Font)              <10> on input line 40.
LaTeX Font Info:    External font `lmex10' loaded for size
(Font)              <7> on input line 40.
Package xypdf Info: Line width: 0.39998pt on input line 40.
 [1


{C:/ProgramData/MiKTeX/2.9/pdftex/config/pdftex.map}] [2]
Contents
(E:\scratch\Dropbox\HitchinSystems\Hitchin-Systems\HitchinSystems.toc)
\tf@toc=\write4
 [3


]
(E:\scratch\Dropbox\HitchinSystems\Hitchin-Systems\1-Intro-Eric.tex
Chapter 1
) (E:\scratch\Dropbox\HitchinSystems\Hitchin-Systems\2-Definitions-Peng.tex
[4


]
Chapter 2
)
(E:\scratch\Dropbox\HitchinSystems\Hitchin-Systems\3-Sympl-Quotients-Pyongwon.t
ex [5


]
Chapter 3
)
(E:\scratch\Dropbox\HitchinSystems\Hitchin-Systems\4-Hyperkahler-Quotients-Sean
.tex [6


]
Chapter 4
)
(E:\scratch\Dropbox\HitchinSystems\Hitchin-Systems\5-Stability-and-NS-Aron.tex
[7


]
Chapter 5
)
(E:\scratch\Dropbox\HitchinSystems\Hitchin-Systems\6-Teichmueller-Theory-Linhui
.tex [8


]
Chapter 6
)
(E:\scratch\Dropbox\HitchinSystems\Hitchin-Systems\7-Geometry-of-HMS-Matthew.te
x [9


]
Chapter 7
[10


]
Overfull \hbox (10.42891pt too wide) in alignment at lines 111--116
 [][][] []
 []

<xymatrix 5x1 172> <xymatrix 5x1 172> <xymatrix 4x1 127> <xymatrix 4x1 127>
[11] <xymatrix 3x3 190>
Overfull \hbox (61.69211pt too wide) detected at line 164
[]
 []

[12]
Overfull \hbox (17.9972pt too wide) in paragraph at lines 280--284
[]\T1/lmr/m/sc/10 Corollary. \T1/lmr/m/it/10 For any se-quence of ASD con-nec-t
ions $\OML/lmm/m/it/10 A[]$ \T1/lmr/m/it/10 over $[][]$ with $\OMS/lmsy/m/n/10 
jj\OML/lmm/m/it/10 F [] \OMS/lmsy/m/n/10 jj[] 
 []

[13])
(E:\scratch\Dropbox\HitchinSystems\Hitchin-Systems\8-Integrable-Systems-Lei.tex
[14]
Chapter 8
)
(E:\scratch\Dropbox\HitchinSystems\Hitchin-Systems\9-ODEs-Stokes-Boalch-Honghao
.tex [15


]
Chapter 9
[16


]
LaTeX Font Info:    Try loading font information for U+euf on input line 74.
 ("C:\Program Files (x86)\MiKTeX 2.9\tex\latex\amsfonts\ueuf.fd"
File: ueuf.fd 2013/01/14 v3.01 Euler Fraktur
) [17]
[18])
(E:\scratch\Dropbox\HitchinSystems\Hitchin-Systems\10-Langlands-Philsang.tex
[19]
Chapter 10
) (E:\scratch\Dropbox\HitchinSystems\Hitchin-Systems\11-Boalch-Peng.tex
[20


]
Chapter 11
)
(E:\scratch\Dropbox\HitchinSystems\Hitchin-Systems\12-Stokes-Groupoid-Theo.tex
[21


]
Chapter 12
)
(E:\scratch\Dropbox\HitchinSystems\Hitchin-Systems\13-Cluster-Varieties-Linhui.
tex [22


]
Chapter 13
) (E:\scratch\Dropbox\HitchinSystems\Hitchin-Systems\14-Teichmueller-2-Sean.tex
[23


]
Chapter 14
) (E:\scratch\Dropbox\HitchinSystems\Hitchin-Systems\15-Aron-II.tex [24


]
Chapter 15
) (E:\scratch\Dropbox\HitchinSystems\Hitchin-Systems\16-Matthew-II.tex [25


]
Chapter 16
<xymatrix 5x1 158> [26


] [27] [28] [29] [30])
(E:\scratch\Dropbox\HitchinSystems\Hitchin-Systems\17-Pyongwon-II.tex)
(E:\scratch\Dropbox\HitchinSystems\Hitchin-Systems\18-Phil-II.tex)
(E:\scratch\Dropbox\HitchinSystems\Hitchin-Systems\19-Lei-II.tex)
(E:\scratch\Dropbox\HitchinSystems\Hitchin-Systems\20-Honghao-II.tex) [31]
Bibliography

Underfull \hbox (badness 2689) in paragraph at lines 106--109
[]\T1/lmr/m/n/8 A. Beauville, M. S. Narasimhan, and S. Ra-manan, ``Spec-tral cu
rves and the
 []


Underfull \hbox (badness 6910) in paragraph at lines 106--109
\T1/lmr/m/n/8 gen-er-al-ized theta di-vi-sor,'' J. reine angew. Math. 398 (1989
) 169--179 URL:
 []


Underfull \hbox (badness 10000) in paragraph at lines 141--143
[]\T1/lmr/m/n/8 A. Neitzke, ``Hitchin sys-tems in N=2 field the-ory,''
 []

[32


] (E:\scratch\Dropbox\HitchinSystems\Hitchin-Systems\HitchinSystems.aux) ) 
Here is how much of TeX's memory you used:
 5118 strings out of 493921
 64466 string characters out of 3144871
 167323 words of memory out of 3000000
 8077 multiletter control sequences out of 15000+200000
 64124 words of font info for 70 fonts, out of 3000000 for 9000
 1002 hyphenation exceptions out of 8191
 34i,16n,31p,3225b,454s stack positions out of 5000i,500n,10000p,200000b,50000s
{C:/P
rogram Files (x86)/MiKTeX 2.9/fonts/enc/dvips/lm/lm-ec.enc}{C:/Program Files (x
86)/MiKTeX 2.9/fonts/enc/dvips/lm/lm-rm.enc}{C:/Program Files (x86)/MiKTeX 2.9/
fonts/enc/dvips/lm/lm-mathsy.enc}{C:/Program Files (x86)/MiKTeX 2.9/fonts/enc/d
vips/lm/lm-mathit.enc}{C:/Program Files (x86)/MiKTeX 2.9/fonts/enc/dvips/lm/lm-
mathex.enc}<C:/Program Files (x86)/MiKTeX 2.9/fonts/type1/public/esint/esint10.
pfb><C:/Program Files (x86)/MiKTeX 2.9/fonts/type1/public/amsfonts/euler/eufm10
.pfb><C:/Program Files (x86)/MiKTeX 2.9/fonts/type1/public/amsfonts/euler/eufm7
.pfb><C:/Program Files (x86)/MiKTeX 2.9/fonts/type1/public/lm/lmbx10.pfb><C:/Pr
ogram Files (x86)/MiKTeX 2.9/fonts/type1/public/lm/lmbx12.pfb><C:/Program Files
 (x86)/MiKTeX 2.9/fonts/type1/public/lm/lmbx7.pfb><C:/Program Files (x86)/MiKTe
X 2.9/fonts/type1/public/lm/lmbx8.pfb><C:/Program Files (x86)/MiKTeX 2.9/fonts/
type1/public/lm/lmcsc10.pfb><C:/Program Files (x86)/MiKTeX 2.9/fonts/type1/publ
ic/lm/lmex10.pfb><C:/Program Files (x86)/MiKTeX 2.9/fonts/type1/public/lm/lmmi1
0.pfb><C:/Program Files (x86)/MiKTeX 2.9/fonts/type1/public/lm/lmmi5.pfb><C:/Pr
ogram Files (x86)/MiKTeX 2.9/fonts/type1/public/lm/lmmi7.pfb><C:/Program Files 
(x86)/MiKTeX 2.9/fonts/type1/public/lm/lmr10.pfb><C:/Program Files (x86)/MiKTeX
 2.9/fonts/type1/public/lm/lmr5.pfb><C:/Program Files (x86)/MiKTeX 2.9/fonts/ty
pe1/public/lm/lmr7.pfb><C:/Program Files (x86)/MiKTeX 2.9/fonts/type1/public/lm
/lmr8.pfb><C:/Program Files (x86)/MiKTeX 2.9/fonts/type1/public/lm/lmri10.pfb><
C:/Program Files (x86)/MiKTeX 2.9/fonts/type1/public/lm/lmsy10.pfb><C:/Program 
Files (x86)/MiKTeX 2.9/fonts/type1/public/lm/lmsy5.pfb><C:/Program Files (x86)/
MiKTeX 2.9/fonts/type1/public/lm/lmsy7.pfb><C:/Program Files (x86)/MiKTeX 2.9/f
onts/type1/public/amsfonts/symbols/msbm10.pfb><C:/Program Files (x86)/MiKTeX 2.
9/fonts/type1/public/amsfonts/symbols/msbm7.pfb><C:/Program Files (x86)/MiKTeX 
2.9/fonts/type1/public/xypic/xyatip10.pfb><C:/Program Files (x86)/MiKTeX 2.9/fo
nts/type1/public/xypic/xybtip10.pfb><C:/Program Files (x86)/MiKTeX 2.9/fonts/ty
pe1/public/xypic/xydash10.pfb>
Output written on HitchinSystems.pdf (32 pages, 428854 bytes).
PDF statistics:
 214 PDF objects out of 1000 (max. 8388607)
 0 named destinations out of 1000 (max. 500000)
 1 words of extra memory for PDF output out of 10000 (max. 10000000)

